\BOOKMARK [0][]{section*.1}{Inhaltsverzeichnis}{}% 1
\BOOKMARK [0][]{chapter.2}{Projekttreiber}{}% 2
\BOOKMARK [1][]{section.3}{Projektziel}{chapter.2}% 3
\BOOKMARK [1][]{section.4}{Stakeholders}{chapter.2}% 4
\BOOKMARK [1][]{section.11}{Aktuelle Lage}{chapter.2}% 5
\BOOKMARK [0][]{chapter.12}{Projektbeschr\344nkungen}{}% 6
\BOOKMARK [1][]{section.13}{Beschr\344nkungen}{chapter.12}% 7
\BOOKMARK [1][]{section.19}{Glossar}{chapter.12}% 8
\BOOKMARK [1][]{section.21}{Relevante Fakten und Annahmen}{chapter.12}% 9
\BOOKMARK [0][]{chapter.25}{Funktionale Anforderungen}{}% 10
\BOOKMARK [1][]{section.26}{Systemfunktionen}{chapter.25}% 11
\BOOKMARK [0][]{chapter.33}{Nicht-funktionale Anforderungen}{}% 12
\BOOKMARK [1][]{section.34}{Softwarearchitektur}{chapter.33}% 13
\BOOKMARK [1][]{section.37}{Benutzerfreundlichkeit}{chapter.33}% 14
\BOOKMARK [1][]{section.40}{Leistungsanforderungen}{chapter.33}% 15
\BOOKMARK [1][]{section.42}{Anforderungen an Einsatzkontext}{chapter.33}% 16
\BOOKMARK [1][]{section.49}{Anforderungen an Wartung und Unterst\374tzung}{chapter.33}% 17
\BOOKMARK [1][]{section.58}{Sicherheitsanforderungen}{chapter.33}% 18
\BOOKMARK [1][]{section.67}{Pr\374fungsbezogene Anforderungen}{chapter.33}% 19
\BOOKMARK [1][]{section.69}{Kulturelle und politische Anforderungen}{chapter.33}% 20
\BOOKMARK [1][]{section.71}{Rechtliche und standartsbezogene Anforderungen}{chapter.33}% 21
\BOOKMARK [0][]{chapter.73}{Warteraum}{}% 22
