\BOOKMARK [0][]{section*.1}{Inhaltsverzeichnis}{}% 1
\BOOKMARK [0][]{chapter.2}{Projekttreiber}{}% 2
\BOOKMARK [1][]{section.3}{Projektziel}{chapter.2}% 3
\BOOKMARK [1][]{section.4}{Stakeholders}{chapter.2}% 4
\BOOKMARK [1][]{section.11}{Aktuelle Lage}{chapter.2}% 5
\BOOKMARK [0][]{chapter.12}{Projektbeschr\344nkungen}{}% 6
\BOOKMARK [1][]{section.13}{Beschr\344nkungen}{chapter.12}% 7
\BOOKMARK [1][]{section.19}{Glossar}{chapter.12}% 8
\BOOKMARK [1][]{section.21}{Relevante Fakten und Annahmen}{chapter.12}% 9
\BOOKMARK [0][]{chapter.25}{Funktionale Anforderungen}{}% 10
\BOOKMARK [1][]{section.26}{Systemfunktionen}{chapter.25}% 11
\BOOKMARK [1][]{section.33}{Beschreibungen der Anwendungsf\344lle}{chapter.25}% 12
\BOOKMARK [1][]{section.56}{Produktdaten}{chapter.25}% 13
\BOOKMARK [0][]{chapter.65}{Nicht-funktionale Anforderungen}{}% 14
\BOOKMARK [1][]{section.66}{Softwarearchitektur}{chapter.65}% 15
\BOOKMARK [1][]{section.69}{Benutzerfreundlichkeit}{chapter.65}% 16
\BOOKMARK [1][]{section.72}{Leistungsanforderungen}{chapter.65}% 17
\BOOKMARK [1][]{section.74}{Anforderungen an Einsatzkontext}{chapter.65}% 18
\BOOKMARK [1][]{section.81}{Anforderungen an Wartung und Unterst\374tzung}{chapter.65}% 19
\BOOKMARK [1][]{section.90}{Sicherheitsanforderungen}{chapter.65}% 20
\BOOKMARK [1][]{section.99}{Pr\374fungsbezogene Anforderungen}{chapter.65}% 21
\BOOKMARK [1][]{section.101}{Kulturelle und politische Anforderungen}{chapter.65}% 22
\BOOKMARK [1][]{section.103}{Rechtliche und standartsbezogene Anforderungen}{chapter.65}% 23
\BOOKMARK [1][]{section.105}{Bedienoberfl\344che}{chapter.65}% 24
\BOOKMARK [0][]{chapter.124}{Systemtestf\344lle}{}% 25
\BOOKMARK [0][]{chapter.202}{Warteraum}{}% 26
